This file contains any messages produced by compilers while
running configure, to aid debugging if configure makes a mistake.

It was created by timediff configure 2.0, which was
generated by GNU Autoconf 2.71.  Invocation command line was

  $ ./configure

## --------- ##
## Platform. ##
## --------- ##

hostname = colum-HP-ProDesk-400-G1-SFF
uname -m = x86_64
uname -r = 5.15.0-125-generic
uname -s = Linux
uname -v = #135-Ubuntu SMP Fri Sep 27 13:53:58 UTC 2024

/usr/bin/uname -p = x86_64
/bin/uname -X     = unknown

/bin/arch              = x86_64
/usr/bin/arch -k       = unknown
/usr/convex/getsysinfo = unknown
/usr/bin/hostinfo      = unknown
/bin/machine           = unknown
/usr/bin/oslevel       = unknown
/bin/universe          = unknown

PATH: /usr/prebin/
PATH: /home/colum/.local/bin/
PATH: /home/colum/bin/
PATH: /usr/local/bin/
PATH: /usr/bin/
PATH: /bin/
PATH: /usr/local/games/
PATH: /usr/games/


## ----------- ##
## Core tests. ##
## ----------- ##

configure:2296: checking for gcc
configure:2317: found /usr/bin/gcc
configure:2328: result: gcc
configure:2681: checking for C compiler version
configure:2690: gcc --version >&5
gcc (Ubuntu 11.4.0-1ubuntu1~22.04) 11.4.0
Copyright (C) 2021 Free Software Foundation, Inc.
This is free software; see the source for copying conditions.  There is NO
warranty; not even for MERCHANTABILITY or FITNESS FOR A PARTICULAR PURPOSE.

configure:2701: $? = 0
configure:2690: gcc -v >&5
Using built-in specs.
COLLECT_GCC=gcc
COLLECT_LTO_WRAPPER=/usr/lib/gcc/x86_64-linux-gnu/11/lto-wrapper
OFFLOAD_TARGET_NAMES=nvptx-none:amdgcn-amdhsa
OFFLOAD_TARGET_DEFAULT=1
Target: x86_64-linux-gnu
Configured with: ../src/configure -v --with-pkgversion='Ubuntu 11.4.0-1ubuntu1~22.04' --with-bugurl=file:///usr/share/doc/gcc-11/README.Bugs --enable-languages=c,ada,c++,go,brig,d,fortran,objc,obj-c++,m2 --prefix=/usr --with-gcc-major-version-only --program-suffix=-11 --program-prefix=x86_64-linux-gnu- --enable-shared --enable-linker-build-id --libexecdir=/usr/lib --without-included-gettext --enable-threads=posix --libdir=/usr/lib --enable-nls --enable-bootstrap --enable-clocale=gnu --enable-libstdcxx-debug --enable-libstdcxx-time=yes --with-default-libstdcxx-abi=new --enable-gnu-unique-object --disable-vtable-verify --enable-plugin --enable-default-pie --with-system-zlib --enable-libphobos-checking=release --with-target-system-zlib=auto --enable-objc-gc=auto --enable-multiarch --disable-werror --enable-cet --with-arch-32=i686 --with-abi=m64 --with-multilib-list=m32,m64,mx32 --enable-multilib --with-tune=generic --enable-offload-targets=nvptx-none=/build/gcc-11-XeT9lY/gcc-11-11.4.0/debian/tmp-nvptx/usr,amdgcn-amdhsa=/build/gcc-11-XeT9lY/gcc-11-11.4.0/debian/tmp-gcn/usr --without-cuda-driver --enable-checking=release --build=x86_64-linux-gnu --host=x86_64-linux-gnu --target=x86_64-linux-gnu --with-build-config=bootstrap-lto-lean --enable-link-serialization=2
Thread model: posix
Supported LTO compression algorithms: zlib zstd
gcc version 11.4.0 (Ubuntu 11.4.0-1ubuntu1~22.04) 
... rest of stderr output deleted ...
configure:2701: $? = 0
configure:2690: gcc -V >&5
gcc: error: unrecognized command-line option '-V'
gcc: fatal error: no input files
compilation terminated.
configure:2701: $? = 1
configure:2690: gcc -qversion >&5
gcc: error: unrecognized command-line option '-qversion'; did you mean '--version'?
gcc: fatal error: no input files
compilation terminated.
configure:2701: $? = 1
configure:2690: gcc -version >&5
gcc: error: unrecognized command-line option '-version'
gcc: fatal error: no input files
compilation terminated.
configure:2701: $? = 1
configure:2721: checking whether the C compiler works
configure:2743: gcc    conftest.c  >&5
configure:2747: $? = 0
configure:2797: result: yes
configure:2800: checking for C compiler default output file name
configure:2802: result: a.out
configure:2808: checking for suffix of executables
configure:2815: gcc -o conftest    conftest.c  >&5
configure:2819: $? = 0
configure:2842: result: 
configure:2864: checking whether we are cross compiling
configure:2872: gcc -o conftest    conftest.c  >&5
configure:2876: $? = 0
configure:2883: ./conftest
configure:2887: $? = 0
configure:2902: result: no
configure:2907: checking for suffix of object files
configure:2930: gcc -c   conftest.c >&5
configure:2934: $? = 0
configure:2956: result: o
configure:2960: checking whether the compiler supports GNU C
configure:2980: gcc -c   conftest.c >&5
configure:2980: $? = 0
configure:2990: result: yes
configure:3001: checking whether gcc accepts -g
configure:3022: gcc -c -g  conftest.c >&5
configure:3022: $? = 0
configure:3066: result: yes
configure:3086: checking for gcc option to enable C11 features
configure:3101: gcc  -c -g -O2  conftest.c >&5
configure:3101: $? = 0
configure:3119: result: none needed
configure:3235: checking whether make sets $(MAKE)
configure:3258: result: yes
configure:3272: checking for stdio.h
configure:3272: gcc -c -g -O2  conftest.c >&5
configure:3272: $? = 0
configure:3272: result: yes
configure:3272: checking for stdlib.h
configure:3272: gcc -c -g -O2  conftest.c >&5
configure:3272: $? = 0
configure:3272: result: yes
configure:3272: checking for string.h
configure:3272: gcc -c -g -O2  conftest.c >&5
configure:3272: $? = 0
configure:3272: result: yes
configure:3272: checking for inttypes.h
configure:3272: gcc -c -g -O2  conftest.c >&5
configure:3272: $? = 0
configure:3272: result: yes
configure:3272: checking for stdint.h
configure:3272: gcc -c -g -O2  conftest.c >&5
configure:3272: $? = 0
configure:3272: result: yes
configure:3272: checking for strings.h
configure:3272: gcc -c -g -O2  conftest.c >&5
configure:3272: $? = 0
configure:3272: result: yes
configure:3272: checking for sys/stat.h
configure:3272: gcc -c -g -O2  conftest.c >&5
configure:3272: $? = 0
configure:3272: result: yes
configure:3272: checking for sys/types.h
configure:3272: gcc -c -g -O2  conftest.c >&5
configure:3272: $? = 0
configure:3272: result: yes
configure:3272: checking for unistd.h
configure:3272: gcc -c -g -O2  conftest.c >&5
configure:3272: $? = 0
configure:3272: result: yes
configure:3297: checking for grep that handles long lines and -e
configure:3361: result: /usr/bin/grep
configure:3366: checking for egrep
configure:3434: result: /usr/bin/grep -E
configure:3448: checking for special C compiler options needed for large files
configure:3496: result: no
configure:3502: checking for _FILE_OFFSET_BITS value needed for large files
configure:3528: gcc -c -g -O2  conftest.c >&5
configure:3528: $? = 0
configure:3562: result: no
configure:3654: checking for deflate in -lz
configure:3677: gcc -o conftest -g -O2   conftest.c -lz   >&5
configure:3677: $? = 0
configure:3687: result: yes
configure:3697: checking for EVP_CIPHER_CTX_init in -lcrypto
configure:3720: gcc -o conftest -g -O2   conftest.c -lcrypto  -lz  >&5
/usr/bin/ld: /tmp/cc7dBqkU.o: in function `main':
/home/colum/work/timediff/conftest.c:28: undefined reference to `EVP_CIPHER_CTX_init'
collect2: error: ld returned 1 exit status
configure:3720: $? = 1
configure: failed program was:
| /* confdefs.h */
| #define PACKAGE_NAME "timediff"
| #define PACKAGE_TARNAME "timediff"
| #define PACKAGE_VERSION "2.0"
| #define PACKAGE_STRING "timediff 2.0"
| #define PACKAGE_BUGREPORT "colums.projects@gmail.com"
| #define PACKAGE_URL ""
| #define HAVE_STDIO_H 1
| #define HAVE_STDLIB_H 1
| #define HAVE_STRING_H 1
| #define HAVE_INTTYPES_H 1
| #define HAVE_STDINT_H 1
| #define HAVE_STRINGS_H 1
| #define HAVE_SYS_STAT_H 1
| #define HAVE_SYS_TYPES_H 1
| #define HAVE_UNISTD_H 1
| #define STDC_HEADERS 1
| #define HAVE_LIBZ 1
| /* end confdefs.h.  */
| 
| /* Override any GCC internal prototype to avoid an error.
|    Use char because int might match the return type of a GCC
|    builtin and then its argument prototype would still apply.  */
| char EVP_CIPHER_CTX_init ();
| int
| main (void)
| {
| return EVP_CIPHER_CTX_init ();
|   ;
|   return 0;
| }
configure:3730: result: no
configure:3740: checking for SSL_library_init in -lssl
configure:3763: gcc -o conftest -g -O2   conftest.c -lssl  -lz  >&5
/usr/bin/ld: /tmp/ccqJxvtW.o: in function `main':
/home/colum/work/timediff/conftest.c:28: undefined reference to `SSL_library_init'
collect2: error: ld returned 1 exit status
configure:3763: $? = 1
configure: failed program was:
| /* confdefs.h */
| #define PACKAGE_NAME "timediff"
| #define PACKAGE_TARNAME "timediff"
| #define PACKAGE_VERSION "2.0"
| #define PACKAGE_STRING "timediff 2.0"
| #define PACKAGE_BUGREPORT "colums.projects@gmail.com"
| #define PACKAGE_URL ""
| #define HAVE_STDIO_H 1
| #define HAVE_STDLIB_H 1
| #define HAVE_STRING_H 1
| #define HAVE_INTTYPES_H 1
| #define HAVE_STDINT_H 1
| #define HAVE_STRINGS_H 1
| #define HAVE_SYS_STAT_H 1
| #define HAVE_SYS_TYPES_H 1
| #define HAVE_UNISTD_H 1
| #define STDC_HEADERS 1
| #define HAVE_LIBZ 1
| /* end confdefs.h.  */
| 
| /* Override any GCC internal prototype to avoid an error.
|    Use char because int might match the return type of a GCC
|    builtin and then its argument prototype would still apply.  */
| char SSL_library_init ();
| int
| main (void)
| {
| return SSL_library_init ();
|   ;
|   return 0;
| }
configure:3773: result: no
configure:3783: checking for cap_init in -lcap
configure:3806: gcc -o conftest -g -O2   conftest.c -lcap  -lz  >&5
/usr/bin/ld: cannot find -lcap: No such file or directory
collect2: error: ld returned 1 exit status
configure:3806: $? = 1
configure: failed program was:
| /* confdefs.h */
| #define PACKAGE_NAME "timediff"
| #define PACKAGE_TARNAME "timediff"
| #define PACKAGE_VERSION "2.0"
| #define PACKAGE_STRING "timediff 2.0"
| #define PACKAGE_BUGREPORT "colums.projects@gmail.com"
| #define PACKAGE_URL ""
| #define HAVE_STDIO_H 1
| #define HAVE_STDLIB_H 1
| #define HAVE_STRING_H 1
| #define HAVE_INTTYPES_H 1
| #define HAVE_STDINT_H 1
| #define HAVE_STRINGS_H 1
| #define HAVE_SYS_STAT_H 1
| #define HAVE_SYS_TYPES_H 1
| #define HAVE_UNISTD_H 1
| #define STDC_HEADERS 1
| #define HAVE_LIBZ 1
| /* end confdefs.h.  */
| 
| /* Override any GCC internal prototype to avoid an error.
|    Use char because int might match the return type of a GCC
|    builtin and then its argument prototype would still apply.  */
| char cap_init ();
| int
| main (void)
| {
| return cap_init ();
|   ;
|   return 0;
| }
configure:3816: result: no
configure:3830: checking for GetToken in -lUseful-5
configure:3853: gcc -o conftest -g -O2   conftest.c -lUseful-5  -lz  >&5
configure:3853: $? = 0
configure:3863: result: yes
configure:3874: checking for libUseful-5/libUseful.h
configure:3874: gcc -c -g -O2  conftest.c >&5
configure:3874: $? = 0
configure:3874: result: yes
configure:3940: checking for GetToken in -lUseful-5
configure:3973: result: yes
configure:4185: creating ./config.status

## ---------------------- ##
## Running config.status. ##
## ---------------------- ##

This file was extended by timediff config.status 2.0, which was
generated by GNU Autoconf 2.71.  Invocation command line was

  CONFIG_FILES    = 
  CONFIG_HEADERS  = 
  CONFIG_LINKS    = 
  CONFIG_COMMANDS = 
  $ ./config.status 

on colum-HP-ProDesk-400-G1-SFF

config.status:719: creating Makefile
config.status:818: WARNING:  'Makefile.in' seems to ignore the --datarootdir setting

## ---------------- ##
## Cache variables. ##
## ---------------- ##

ac_cv_c_compiler_gnu=yes
ac_cv_env_CC_set=
ac_cv_env_CC_value=
ac_cv_env_CFLAGS_set=
ac_cv_env_CFLAGS_value=
ac_cv_env_CPPFLAGS_set=
ac_cv_env_CPPFLAGS_value=
ac_cv_env_LDFLAGS_set=
ac_cv_env_LDFLAGS_value=
ac_cv_env_LIBS_set=
ac_cv_env_LIBS_value=
ac_cv_env_build_alias_set=
ac_cv_env_build_alias_value=
ac_cv_env_host_alias_set=
ac_cv_env_host_alias_value=
ac_cv_env_target_alias_set=
ac_cv_env_target_alias_value=
ac_cv_header_inttypes_h=yes
ac_cv_header_libUseful_5_libUseful_h=yes
ac_cv_header_stdint_h=yes
ac_cv_header_stdio_h=yes
ac_cv_header_stdlib_h=yes
ac_cv_header_string_h=yes
ac_cv_header_strings_h=yes
ac_cv_header_sys_stat_h=yes
ac_cv_header_sys_types_h=yes
ac_cv_header_unistd_h=yes
ac_cv_lib_Useful_5_GetToken=yes
ac_cv_lib_cap_cap_init=no
ac_cv_lib_crypto_EVP_CIPHER_CTX_init=no
ac_cv_lib_ssl_SSL_library_init=no
ac_cv_lib_z_deflate=yes
ac_cv_objext=o
ac_cv_path_EGREP='/usr/bin/grep -E'
ac_cv_path_GREP=/usr/bin/grep
ac_cv_prog_ac_ct_CC=gcc
ac_cv_prog_cc_c11=
ac_cv_prog_cc_g=yes
ac_cv_prog_cc_stdc=
ac_cv_prog_make_make_set=yes
ac_cv_sys_file_offset_bits=no
ac_cv_sys_largefile_CC=no

## ----------------- ##
## Output variables. ##
## ----------------- ##

CC='gcc'
CFLAGS='-g -O2'
CPPFLAGS=''
DEFS='-DPACKAGE_NAME=\"timediff\" -DPACKAGE_TARNAME=\"timediff\" -DPACKAGE_VERSION=\"2.0\" -DPACKAGE_STRING=\"timediff\ 2.0\" -DPACKAGE_BUGREPORT=\"colums.projects@gmail.com\" -DPACKAGE_URL=\"\" -DHAVE_STDIO_H=1 -DHAVE_STDLIB_H=1 -DHAVE_STRING_H=1 -DHAVE_INTTYPES_H=1 -DHAVE_STDINT_H=1 -DHAVE_STRINGS_H=1 -DHAVE_SYS_STAT_H=1 -DHAVE_SYS_TYPES_H=1 -DHAVE_UNISTD_H=1 -DSTDC_HEADERS=1 -DHAVE_LIBZ=1 -DHAVE_LIBUSEFUL_5_LIBUSEFUL_H=1 -DHAVE_LIBUSEFUL_5=1'
ECHO_C=''
ECHO_N='-n'
ECHO_T=''
EGREP='/usr/bin/grep -E'
EXEEXT=''
GREP='/usr/bin/grep'
LDFLAGS=''
LIBOBJS=''
LIBS='-lUseful-5 -lz '
LIBUSEFUL_BUNDLED=''
LTLIBOBJS=''
OBJEXT='o'
PACKAGE_BUGREPORT='colums.projects@gmail.com'
PACKAGE_NAME='timediff'
PACKAGE_STRING='timediff 2.0'
PACKAGE_TARNAME='timediff'
PACKAGE_URL=''
PACKAGE_VERSION='2.0'
PATH_SEPARATOR=':'
SET_MAKE=''
SHELL='/bin/bash'
ac_ct_CC='gcc'
bindir='${exec_prefix}/bin'
build_alias=''
datadir='${datarootdir}'
datarootdir='${prefix}/share'
docdir='${datarootdir}/doc/${PACKAGE_TARNAME}'
dvidir='${docdir}'
exec_prefix='${prefix}'
host_alias=''
htmldir='${docdir}'
includedir='${prefix}/include'
infodir='${datarootdir}/info'
libdir='${exec_prefix}/lib'
libexecdir='${exec_prefix}/libexec'
localedir='${datarootdir}/locale'
localstatedir='${prefix}/var'
mandir='${datarootdir}/man'
oldincludedir='/usr/include'
pdfdir='${docdir}'
prefix='/usr/local'
program_transform_name='s,x,x,'
psdir='${docdir}'
runstatedir='${localstatedir}/run'
sbindir='${exec_prefix}/sbin'
sharedstatedir='${prefix}/com'
subdirs=''
sysconfdir='${prefix}/etc'
target_alias=''

## ----------- ##
## confdefs.h. ##
## ----------- ##

/* confdefs.h */
#define PACKAGE_NAME "timediff"
#define PACKAGE_TARNAME "timediff"
#define PACKAGE_VERSION "2.0"
#define PACKAGE_STRING "timediff 2.0"
#define PACKAGE_BUGREPORT "colums.projects@gmail.com"
#define PACKAGE_URL ""
#define HAVE_STDIO_H 1
#define HAVE_STDLIB_H 1
#define HAVE_STRING_H 1
#define HAVE_INTTYPES_H 1
#define HAVE_STDINT_H 1
#define HAVE_STRINGS_H 1
#define HAVE_SYS_STAT_H 1
#define HAVE_SYS_TYPES_H 1
#define HAVE_UNISTD_H 1
#define STDC_HEADERS 1
#define HAVE_LIBZ 1
#define HAVE_LIBUSEFUL_5_LIBUSEFUL_H 1
#define HAVE_LIBUSEFUL_5 1

configure: exit 0
